<?xml version="1.0" encoding="UTF-8"?>
<!-- Generated by org.testng.reporters.JUnitReportReporter -->
<testsuite hostname="Kishores-MacBook-Air.local" failures="0" tests="2" name="com.org.demo.Second" time="0.003" errors="0" timestamp="10 Mar 2021 02:33:33 GMT">
  <testcase classname="com.org.demo.Second" name="m3" time="0.001"/>
  <testcase classname="com.org.demo.Second" name="m4" time="0.002"/>
</testsuite> <!-- com.org.demo.Second -->
