<?xml version="1.0" encoding="UTF-8"?>
<!-- Generated by org.testng.reporters.JUnitReportReporter -->
<testsuite hostname="Kishores-MacBook-Air.local" failures="0" tests="2" name="com.selng.demo.testcases.First" time="0.006" errors="0" timestamp="11 Mar 2021 02:54:24 GMT" skipped="0">
  <testcase classname="com.selng.demo.testcases.First" name="m1" time="0.003"/>
  <testcase classname="com.selng.demo.testcases.First" name="m2" time="0.003"/>
</testsuite> <!-- com.selng.demo.testcases.First -->
