<?xml version="1.0" encoding="UTF-8"?>
<!-- Generated by org.testng.reporters.JUnitReportReporter -->
<testsuite hostname="Kishores-MacBook-Air.local" failures="0" tests="2" name="com.selng.demo.testcases.loginTest" time="0.575" errors="0" timestamp="11 Mar 2021 21:09:36 GMT" skipped="0">
  <testcase classname="com.selng.demo.testcases.loginTest" name="loginTest" time="0.545"/>
  <testcase classname="com.selng.demo.testcases.loginTest" name="verifylogin" time="0.030"/>
</testsuite> <!-- com.selng.demo.testcases.loginTest -->
