<?xml version="1.0" encoding="UTF-8"?>
<!-- Generated by org.testng.reporters.JUnitReportReporter -->
<testsuite hostname="Kishores-MacBook-Air.local" failures="0" tests="2" name="com.selng.demo.testcases.Second" time="0.007" errors="0" timestamp="11 Mar 2021 02:54:24 GMT" skipped="0">
  <testcase classname="com.selng.demo.testcases.Second" name="m3" time="0.006"/>
  <testcase classname="com.selng.demo.testcases.Second" name="m4" time="0.001"/>
</testsuite> <!-- com.selng.demo.testcases.Second -->
