<?xml version="1.0" encoding="UTF-8"?>
<!-- Generated by org.testng.reporters.JUnitReportReporter -->
<testsuite hostname="Kishores-MacBook-Air.local" failures="0" tests="2" name="com.org.demo.First" time="0.015" errors="0" timestamp="10 Mar 2021 02:33:33 GMT">
  <testcase classname="com.org.demo.First" name="m2" time="0.008"/>
  <testcase classname="com.org.demo.First" name="m1" time="0.007"/>
</testsuite> <!-- com.org.demo.First -->
